<?xml version="1.0" encoding="UTF-8"?>
<testsuite xmlns:xsi="http://www.w3.org/2001/XMLSchema-instance" xsi:noNamespaceSchemaLocation="https://maven.apache.org/surefire/maven-surefire-plugin/xsd/surefire-test-report.xsd" version="3.0.2" name="PaymentTest" time="1.408" tests="20" errors="0" skipped="0" failures="0">
  <properties>
[...]
</properties>
  <testcase name="testGetPaymentByTransactionId_NotFound" classname="PaymentTest" time="1.267">
    <system-err><![CDATA[WARNING: A Java agent has been loaded dynamically (C:\Users\Nhat's Laptop\.m2\repository\net\bytebuddy\byte-buddy-agent\1.14.15\byte-buddy-agent-1.14.15.jar)
WARNING: If a serviceability tool is in use, please run with -XX:+EnableDynamicAgentLoading to hide this warning
WARNING: If a serviceability tool is not in use, please run with -Djdk.instrument.traceUsage for more information
WARNING: Dynamic loading of agents will be disallowed by default in a future release
thg 4 25, 2025 11:26:48 CH com.ntn.quanlykhoahoc.services.PaymentService getPaymentByTransactionId
INFO: No payment found for transactionId=1
]]></system-err>
  </testcase>
  <testcase name="testIsValidNguoiDung" classname="PaymentTest" time="0.005"/>
  <testcase name="testUpdatePayment_Success" classname="PaymentTest" time="0.014">
    <system-err><![CDATA[thg 4 25, 2025 11:26:48 CH com.ntn.quanlykhoahoc.services.PaymentService updatePayment
INFO: Updated payment: transactionId=1, rowsAffected=1
]]></system-err>
  </testcase>
  <testcase name="testIsValidHocVien" classname="PaymentTest" time="0.004"/>
  <testcase name="testIsValidCourse" classname="PaymentTest" time="0.003"/>
  <testcase name="testGetPaymentByTransactionId_Found" classname="PaymentTest" time="0.009"/>
  <testcase name="testAddToKhoaHocHocVien_DuplicateEntry" classname="PaymentTest" time="0.006">
    <system-err><![CDATA[thg 4 25, 2025 11:26:48 CH com.ntn.quanlykhoahoc.services.PaymentService addToKhoaHocHocVien
WARNING: Bản ghi đã tồn tại trong khoahoc_hocvien: hocVienID=1, khoaHocID=1
]]></system-err>
  </testcase>
  <testcase name="testGetPendingKhoaHocHocVien" classname="PaymentTest" time="0.011"/>
  <testcase name="testUpdateKhoaHocHocVienStatus_InvalidParameters" classname="PaymentTest" time="0.006">
    <system-err><![CDATA[thg 4 25, 2025 11:26:48 CH com.ntn.quanlykhoahoc.services.PaymentService updateKhoaHocHocVienStatus
WARNING: Thông tin không hợp lệ: id=0, trangThai=APPROVED
thg 4 25, 2025 11:26:48 CH com.ntn.quanlykhoahoc.services.PaymentService updateKhoaHocHocVienStatus
WARNING: Thông tin không hợp lệ: id=1, trangThai=null
thg 4 25, 2025 11:26:48 CH com.ntn.quanlykhoahoc.services.PaymentService updateKhoaHocHocVienStatus
WARNING: Thông tin không hợp lệ: id=1, trangThai=INVALID_STATUS
]]></system-err>
  </testcase>
  <testcase name="testGetAllPayments" classname="PaymentTest" time="0.005">
    <system-err><![CDATA[thg 4 25, 2025 11:26:48 CH com.ntn.quanlykhoahoc.services.PaymentService getAllPayments
INFO: Retrieved 2 payment records
]]></system-err>
  </testcase>
  <testcase name="testUpdateKhoaHocHocVienStatus_RejectPayment" classname="PaymentTest" time="0.015">
    <system-err><![CDATA[thg 4 25, 2025 11:26:48 CH com.ntn.quanlykhoahoc.services.PaymentService updateKhoaHocHocVienStatus
INFO: Đã xóa 1 bản ghi lichsu_thanhtoan cho hocVienID=1, khoaHocID=1
thg 4 25, 2025 11:26:48 CH com.ntn.quanlykhoahoc.services.PaymentService notifyStudent
INFO: Đã gửi thông báo đến học viên ID=1: Yêu cầu tham gia khóa học ID=1 của bạn đã được từ chối., rowsAffected=1
thg 4 25, 2025 11:26:48 CH com.ntn.quanlykhoahoc.services.PaymentService updateKhoaHocHocVienStatus
INFO: Cập nhật trạng thái khoahoc_hocvien: id=1, trangThai=REJECTED, rowsAffected=1
]]></system-err>
  </testcase>
  <testcase name="testAddPayment" classname="PaymentTest" time="0.003"/>
  <testcase name="testUpdateKhoaHocHocVienStatus_UpdateFailed" classname="PaymentTest" time="0.004">
    <system-err><![CDATA[thg 4 25, 2025 11:26:48 CH com.ntn.quanlykhoahoc.services.PaymentService updateKhoaHocHocVienStatus
WARNING: Không cập nhật được bản ghi khoahoc_hocvien với id=1
]]></system-err>
  </testcase>
  <testcase name="testUpdateKhoaHocHocVienStatus_Success" classname="PaymentTest" time="0.005">
    <system-err><![CDATA[thg 4 25, 2025 11:26:48 CH com.ntn.quanlykhoahoc.services.PaymentService notifyStudent
INFO: Đã gửi thông báo đến học viên ID=1: Yêu cầu tham gia khóa học ID=1 của bạn đã được duyệt., rowsAffected=1
thg 4 25, 2025 11:26:48 CH com.ntn.quanlykhoahoc.services.PaymentService updateKhoaHocHocVienStatus
INFO: Cập nhật trạng thái khoahoc_hocvien: id=1, trangThai=APPROVED, rowsAffected=1
]]></system-err>
  </testcase>
  <testcase name="testAddToKhoaHocHocVien_Success" classname="PaymentTest" time="0.003"/>
  <testcase name="testDeletePayment_Success" classname="PaymentTest" time="0.005">
    <system-err><![CDATA[thg 4 25, 2025 11:26:48 CH com.ntn.quanlykhoahoc.services.PaymentService deletePayment
INFO: Deleted payment: thanhToanID=1, rowsAffected=1
]]></system-err>
  </testcase>
  <testcase name="testDeletePayment_InvalidId" classname="PaymentTest" time="0.002">
    <system-err><![CDATA[thg 4 25, 2025 11:26:48 CH com.ntn.quanlykhoahoc.services.PaymentService deletePayment
WARNING: Invalid thanhToanID format: abc
]]></system-err>
  </testcase>
  <testcase name="testUpdateKhoaHocHocVienStatus_RecordNotFound" classname="PaymentTest" time="0.003">
    <system-err><![CDATA[thg 4 25, 2025 11:26:48 CH com.ntn.quanlykhoahoc.services.PaymentService updateKhoaHocHocVienStatus
WARNING: Không tìm thấy bản ghi khoahoc_hocvien với id=999
]]></system-err>
  </testcase>
  <testcase name="testNotifyAdmin" classname="PaymentTest" time="0.005">
    <system-err><![CDATA[thg 4 25, 2025 11:26:48 CH com.ntn.quanlykhoahoc.services.PaymentService notifyAdmin
INFO: Đã chèn thông báo cho admin: Học viên Nguyen Van A (ID=1) đã thanh toán cho khóa học Java Programming (ID=1, ThanhToanID=123). Vui lòng xét duyệt., rowsAffected=1
]]></system-err>
  </testcase>
  <testcase name="testUpdatePayment_InvalidParameters" classname="PaymentTest" time="0.003">
    <system-err><![CDATA[thg 4 25, 2025 11:26:48 CH com.ntn.quanlykhoahoc.services.PaymentService updatePayment
WARNING: Invalid update details: transactionId=0
thg 4 25, 2025 11:26:48 CH com.ntn.quanlykhoahoc.services.PaymentService updatePayment
WARNING: Invalid update details: transactionId=1
thg 4 25, 2025 11:26:48 CH com.ntn.quanlykhoahoc.services.PaymentService updatePayment
WARNING: Invalid update details: transactionId=1
thg 4 25, 2025 11:26:48 CH com.ntn.quanlykhoahoc.services.PaymentService updatePayment
WARNING: Invalid update details: transactionId=1
thg 4 25, 2025 11:26:48 CH com.ntn.quanlykhoahoc.services.PaymentService updatePayment
WARNING: Invalid update details: transactionId=1
]]></system-err>
  </testcase>
</testsuite>