<?xml version="1.0" encoding="UTF-8"?>
<testsuite xmlns:xsi="http://www.w3.org/2001/XMLSchema-instance" xsi:noNamespaceSchemaLocation="https://maven.apache.org/surefire/maven-surefire-plugin/xsd/surefire-test-report.xsd" version="3.0.2" name="ExerciseTest" time="0.651" tests="3" errors="0" skipped="0" failures="0">
  <properties>
[...]
</properties>
  <testcase name="testScore" classname="ExerciseTest" time="0.56"/>
  <testcase name="testTimeSubmit" classname="ExerciseTest" time="0.051"/>
  <testcase name="testDoItOnce" classname="ExerciseTest" time="0.018"/>
</testsuite>